-------------------------------------------------------------------------------
Test set: com.bugbank.acceptance.TestsLoginCucumber
-------------------------------------------------------------------------------
Tests run: 9, Failures: 0, Errors: 1, Skipped: 0, Time elapsed: 16.75 s <<< FAILURE! -- in com.bugbank.acceptance.TestsLoginCucumber
Validação dos Campos de Login no BugBank.Redirecionar o usuário ao logar no sistema -- Time elapsed: 1.493 s <<< ERROR!
java.lang.Error: 
Unresolved compilation problem: 
	The method nameUser() is undefined for the type LoginPage

	at com.bugbank.steps.LoginSteps.deve_ser_apresentado_as_informacoes_relacionadas_ao_usuario(LoginSteps.java:120)
	at ✽.deve ser apresentado as informacoes relacionadas ao usuario(classpath:com/bugbank/features/logincucumber.feature:56)

