<?xml version="1.0" encoding="UTF-8"?>
<testsuite xmlns:xsi="http://www.w3.org/2001/XMLSchema-instance" xsi:noNamespaceSchemaLocation="https://maven.apache.org/surefire/maven-surefire-plugin/xsd/surefire-test-report-3.0.xsd" version="3.0" name="com.bugbank.acceptance.TestsLoginCucumber" time="16.751" tests="9" errors="1" skipped="0" failures="0">
  <properties>
[...]
</properties>
  <testcase name="Exibir mensagem de erro ao tentar acessar sem preencher com e-mail e senha" classname="Validação dos Campos de Login no BugBank" time="2.041">
    <system-out><![CDATA[
@login
CenÃ¡rio: Exibir mensagem de erro ao tentar acessar sem preencher com e-mail e senha &amp#27;[90m# com/bugbank/features/logincucumber.feature:10&amp#27;[0m
  &amp#27;[32mDado &amp#27;[0m&amp#27;[32mque o usuario esta na tela inicial do BugBank&amp#27;[0m                                &amp#27;[90m# com.bugbank.steps.LoginSteps.que_o_usuario_esta_na_tela_inicial_do_bug_bank()&amp#27;[0m
  &amp#27;[32mE &amp#27;[0m&amp#27;[32mque o usuario nao tenha preenchido o email e a senha&amp#27;[0m                            &amp#27;[90m# com.bugbank.steps.LoginSteps.que_o_usuario_nao_tenha_preenchido_o_email_e_a_senha()&amp#27;[0m
  &amp#27;[32mQuando &amp#27;[0m&amp#27;[32mo usuario ao clicar no botao de acessar&amp#27;[0m                                    &amp#27;[90m# com.bugbank.steps.LoginSteps.o_usuario_ao_clicar_no_botao_de_acessar()&amp#27;[0m
  &amp#27;[32mEntao &amp#27;[0m&amp#27;[32mdevera ser exibida uma mensagem de erro com o texto preencha os campos&amp#27;[0m      &amp#27;[90m# com.bugbank.steps.LoginSteps.devera_ser_exibida_uma_mensagem_de_erro_com_o_texto_preencha_os_campos()&amp#27;[0m
]]></system-out>
    <system-err><![CDATA[jun. 20, 2024 3:58:14 PM org.openqa.selenium.devtools.CdpVersionFinder findNearestMatch
WARNING: Unable to find an exact match for CDP version 126, returning the closest version; found: 125; Please update to a Selenium version that supports CDP version 126
]]></system-err>
  </testcase>
  <testcase name="Exibir mensagem de erro ao preencher com e-mail inválido #1" classname="Validação dos Campos de Login no BugBank" time="1.491">
    <system-out><![CDATA[
@login
Esquema do CenÃ¡rio: Exibir mensagem de erro ao preencher com e-mail invÃ¡lido    &amp#27;[90m# com/bugbank/features/logincucumber.feature:24&amp#27;[0m
  &amp#27;[32mDado &amp#27;[0m&amp#27;[32mque o usuario esta na tela inicial do BugBank&amp#27;[0m                            &amp#27;[90m# com.bugbank.steps.LoginSteps.que_o_usuario_esta_na_tela_inicial_do_bug_bank()&amp#27;[0m
  &amp#27;[32mQuando &amp#27;[0m&amp#27;[32mo usuario preencher o campo de email com um email invalido &amp#27;[0m&amp#27;[32m&amp#27;[1m'email.com'&amp#27;[0m &amp#27;[90m# com.bugbank.steps.LoginSteps.oUsuarioPreencherOCampoDeEmailComUmEmailInvalido(java.lang.String)&amp#27;[0m
  &amp#27;[32mEntÃ£o &amp#27;[0m&amp#27;[32mdevera ser exibida uma mensagem de erro com o texto email invalido&amp#27;[0m      &amp#27;[90m# com.bugbank.steps.LoginSteps.devera_ser_exibida_uma_mensagem_de_erro_com_o_texto_email_invalido()&amp#27;[0m
]]></system-out>
    <system-err><![CDATA[jun. 20, 2024 3:58:15 PM org.openqa.selenium.devtools.CdpVersionFinder findNearestMatch
WARNING: Unable to find an exact match for CDP version 126, returning the closest version; found: 125; Please update to a Selenium version that supports CDP version 126
]]></system-err>
  </testcase>
  <testcase name="Exibir mensagem de erro ao preencher com e-mail inválido #2" classname="Validação dos Campos de Login no BugBank" time="1.535">
    <system-out><![CDATA[
@login
Esquema do CenÃ¡rio: Exibir mensagem de erro ao preencher com e-mail invÃ¡lido      &amp#27;[90m# com/bugbank/features/logincucumber.feature:25&amp#27;[0m
  &amp#27;[32mDado &amp#27;[0m&amp#27;[32mque o usuario esta na tela inicial do BugBank&amp#27;[0m                              &amp#27;[90m# com.bugbank.steps.LoginSteps.que_o_usuario_esta_na_tela_inicial_do_bug_bank()&amp#27;[0m
  &amp#27;[32mQuando &amp#27;[0m&amp#27;[32mo usuario preencher o campo de email com um email invalido &amp#27;[0m&amp#27;[32m&amp#27;[1m'email@email'&amp#27;[0m &amp#27;[90m# com.bugbank.steps.LoginSteps.oUsuarioPreencherOCampoDeEmailComUmEmailInvalido(java.lang.String)&amp#27;[0m
  &amp#27;[32mEntÃ£o &amp#27;[0m&amp#27;[32mdevera ser exibida uma mensagem de erro com o texto email invalido&amp#27;[0m        &amp#27;[90m# com.bugbank.steps.LoginSteps.devera_ser_exibida_uma_mensagem_de_erro_com_o_texto_email_invalido()&amp#27;[0m
]]></system-out>
    <system-err><![CDATA[jun. 20, 2024 3:58:17 PM org.openqa.selenium.devtools.CdpVersionFinder findNearestMatch
WARNING: Unable to find an exact match for CDP version 126, returning the closest version; found: 125; Please update to a Selenium version that supports CDP version 126
]]></system-err>
  </testcase>
  <testcase name="Exibir mensagem de erro ao preencher com e-mail inválido #3" classname="Validação dos Campos de Login no BugBank" time="1.45">
    <system-out><![CDATA[
@login
Esquema do CenÃ¡rio: Exibir mensagem de erro ao preencher com e-mail invÃ¡lido     &amp#27;[90m# com/bugbank/features/logincucumber.feature:26&amp#27;[0m
  &amp#27;[32mDado &amp#27;[0m&amp#27;[32mque o usuario esta na tela inicial do BugBank&amp#27;[0m                             &amp#27;[90m# com.bugbank.steps.LoginSteps.que_o_usuario_esta_na_tela_inicial_do_bug_bank()&amp#27;[0m
  &amp#27;[32mQuando &amp#27;[0m&amp#27;[32mo usuario preencher o campo de email com um email invalido &amp#27;[0m&amp#27;[32m&amp#27;[1m'@email.com'&amp#27;[0m &amp#27;[90m# com.bugbank.steps.LoginSteps.oUsuarioPreencherOCampoDeEmailComUmEmailInvalido(java.lang.String)&amp#27;[0m
  &amp#27;[32mEntÃ£o &amp#27;[0m&amp#27;[32mdevera ser exibida uma mensagem de erro com o texto email invalido&amp#27;[0m       &amp#27;[90m# com.bugbank.steps.LoginSteps.devera_ser_exibida_uma_mensagem_de_erro_com_o_texto_email_invalido()&amp#27;[0m
]]></system-out>
    <system-err><![CDATA[jun. 20, 2024 3:58:18 PM org.openqa.selenium.devtools.CdpVersionFinder findNearestMatch
WARNING: Unable to find an exact match for CDP version 126, returning the closest version; found: 125; Please update to a Selenium version that supports CDP version 126
]]></system-err>
  </testcase>
  <testcase name="Não exibir mensagem de erro ao preencher o campo de e-mail com um e-mail válido" classname="Validação dos Campos de Login no BugBank" time="1.48">
    <system-out><![CDATA[
@login
CenÃ¡rio: NÃ£o exibir mensagem de erro ao preencher o campo de e-mail com um e-mail vÃ¡lido &amp#27;[90m# com/bugbank/features/logincucumber.feature:28&amp#27;[0m
  &amp#27;[32mDado &amp#27;[0m&amp#27;[32mque o usuario esta na tela inicial do BugBank&amp#27;[0m                                     &amp#27;[90m# com.bugbank.steps.LoginSteps.que_o_usuario_esta_na_tela_inicial_do_bug_bank()&amp#27;[0m
  &amp#27;[32mE &amp#27;[0m&amp#27;[32mo usuario tenha preenchido com um email valido &amp#27;[0m&amp#27;[32m&amp#27;[1m'email@email.com'&amp#27;[0m                     &amp#27;[90m# com.bugbank.steps.LoginSteps.o_usuario_tenha_preenchido_com_um_email_valido(java.lang.String)&amp#27;[0m
  &amp#27;[32mQuando &amp#27;[0m&amp#27;[32mo usuario ao clicar no botao de acessar&amp#27;[0m                                         &amp#27;[90m# com.bugbank.steps.LoginSteps.o_usuario_ao_clicar_no_botao_de_acessar()&amp#27;[0m
  &amp#27;[32mEntÃ£o &amp#27;[0m&amp#27;[32mnao deve ser retornado para o usuario nenhuma mensagem de erro no campo email&amp#27;[0m    &amp#27;[90m# com.bugbank.steps.LoginSteps.nao_deve_ser_retornado_para_o_usuario_nenhuma_mensagem_de_erro_no_campo_email()&amp#27;[0m
]]></system-out>
    <system-err><![CDATA[jun. 20, 2024 3:58:20 PM org.openqa.selenium.devtools.CdpVersionFinder findNearestMatch
WARNING: Unable to find an exact match for CDP version 126, returning the closest version; found: 125; Please update to a Selenium version that supports CDP version 126
]]></system-err>
  </testcase>
  <testcase name="Exibir mensagem de erro, quando não preencher o campo de senha" classname="Validação dos Campos de Login no BugBank" time="1.526">
    <system-out><![CDATA[
@login
CenÃ¡rio: Exibir mensagem de erro, quando nÃ£o preencher o campo de senha                            &amp#27;[90m# com/bugbank/features/logincucumber.feature:34&amp#27;[0m
  &amp#27;[32mDado &amp#27;[0m&amp#27;[32mque o usuario esta na tela inicial do BugBank&amp#27;[0m                                               &amp#27;[90m# com.bugbank.steps.LoginSteps.que_o_usuario_esta_na_tela_inicial_do_bug_bank()&amp#27;[0m
  &amp#27;[32mE &amp#27;[0m&amp#27;[32mo usuario tenha preenchido com um email valido &amp#27;[0m&amp#27;[32m&amp#27;[1m'email@email.com'&amp#27;[0m                               &amp#27;[90m# com.bugbank.steps.LoginSteps.o_usuario_tenha_preenchido_com_um_email_valido(java.lang.String)&amp#27;[0m
  &amp#27;[32mE &amp#27;[0m&amp#27;[32mnao tenha preenchido nenhuma senha&amp#27;[0m                                                             &amp#27;[90m# com.bugbank.steps.LoginSteps.nao_tenha_preenchido_nenhuma_senha()&amp#27;[0m
  &amp#27;[32mQuando &amp#27;[0m&amp#27;[32mo usuario ao clicar no botao de acessar&amp#27;[0m                                                   &amp#27;[90m# com.bugbank.steps.LoginSteps.o_usuario_ao_clicar_no_botao_de_acessar()&amp#27;[0m
  &amp#27;[32mEntao &amp#27;[0m&amp#27;[32mdevera ser apresentado ao usuario uma mensagem de erro com o texto campo senha obrigatorio&amp#27;[0m &amp#27;[90m# com.bugbank.steps.LoginSteps.devera_ser_apresentado_ao_usuario_uma_mensagem_de_erro_com_o_texto_campo_senha_obrigatorio()&amp#27;[0m
  &amp#27;[32mE &amp#27;[0m&amp#27;[32mo usuario deve permanecer na tela de login&amp#27;[0m                                                     &amp#27;[90m# com.bugbank.steps.LoginSteps.o_usuario_deve_permanecer_na_tela_de_login()&amp#27;[0m
]]></system-out>
    <system-err><![CDATA[jun. 20, 2024 3:58:21 PM org.openqa.selenium.devtools.CdpVersionFinder findNearestMatch
WARNING: Unable to find an exact match for CDP version 126, returning the closest version; found: 125; Please update to a Selenium version that supports CDP version 126
]]></system-err>
  </testcase>
  <testcase name="Exibir o texto digitado ao clicar no ícone no campo de senha." classname="Validação dos Campos de Login no BugBank" time="1.56">
    <system-out><![CDATA[
@login
CenÃ¡rio: Exibir o texto digitado ao clicar no Ã­cone no campo de senha. &amp#27;[90m# com/bugbank/features/logincucumber.feature:42&amp#27;[0m
  &amp#27;[32mDado &amp#27;[0m&amp#27;[32mque o usuario esta na tela inicial do BugBank&amp#27;[0m                   &amp#27;[90m# com.bugbank.steps.LoginSteps.que_o_usuario_esta_na_tela_inicial_do_bug_bank()&amp#27;[0m
  &amp#27;[32mE &amp#27;[0m&amp#27;[32mo usuario tenha preenchido com um email valido &amp#27;[0m&amp#27;[32m&amp#27;[1m'email@email.com'&amp#27;[0m   &amp#27;[90m# com.bugbank.steps.LoginSteps.o_usuario_tenha_preenchido_com_um_email_valido(java.lang.String)&amp#27;[0m
  &amp#27;[32mE &amp#27;[0m&amp#27;[32mtenha preechido com uma senha&amp#27;[0m                                      &amp#27;[90m# com.bugbank.steps.LoginSteps.tenha_preechido_com_uma_senha()&amp#27;[0m
  &amp#27;[32mQuando &amp#27;[0m&amp#27;[32mo usuario clicar no Ã­cone de olho no campo de senha&amp#27;[0m           &amp#27;[90m# com.bugbank.steps.LoginSteps.o_usuario_clicar_no_Ã­cone_de_olho_no_campo_de_senha()&amp#27;[0m
  &amp#27;[32mEntao &amp#27;[0m&amp#27;[32mdevera ser exibido para o usuario a senha digitada&amp#27;[0m             &amp#27;[90m# com.bugbank.steps.LoginSteps.devera_ser_exibido_para_o_usuario_a_senha_digitada()&amp#27;[0m
  &amp#27;[32mE &amp#27;[0m&amp#27;[32mdevera ser alterado o Ã­cone de olho no campo de senha&amp#27;[0m              &amp#27;[90m# com.bugbank.steps.LoginSteps.devera_ser_alterado_o_Ã­cone_de_olho_no_campo_de_senha()&amp#27;[0m
]]></system-out>
    <system-err><![CDATA[jun. 20, 2024 3:58:23 PM org.openqa.selenium.devtools.CdpVersionFinder findNearestMatch
WARNING: Unable to find an exact match for CDP version 126, returning the closest version; found: 125; Please update to a Selenium version that supports CDP version 126
]]></system-err>
  </testcase>
  <testcase name="Redirecionar o usuário ao logar no sistema" classname="Validação dos Campos de Login no BugBank" time="1.493">
    <error message="Unresolved compilation problem: &#10;	The method nameUser() is undefined for the type LoginPage&#10;" type="java.lang.Error"><![CDATA[java.lang.Error: 
Unresolved compilation problem: 
	The method nameUser() is undefined for the type LoginPage

	at com.bugbank.steps.LoginSteps.deve_ser_apresentado_as_informacoes_relacionadas_ao_usuario(LoginSteps.java:120)
	at ✽.deve ser apresentado as informacoes relacionadas ao usuario(classpath:com/bugbank/features/logincucumber.feature:56)
]]></error>
    <system-out><![CDATA[
@login
CenÃ¡rio: Redirecionar o usuÃ¡rio ao logar no sistema                    &amp#27;[90m# com/bugbank/features/logincucumber.feature:50&amp#27;[0m
  &amp#27;[32mDado &amp#27;[0m&amp#27;[32mque o usuario esta na tela inicial do BugBank&amp#27;[0m                   &amp#27;[90m# com.bugbank.steps.LoginSteps.que_o_usuario_esta_na_tela_inicial_do_bug_bank()&amp#27;[0m
  &amp#27;[32mE &amp#27;[0m&amp#27;[32mo usuario tenha preenchido com um email valido &amp#27;[0m&amp#27;[32m&amp#27;[1m'email@email.com'&amp#27;[0m   &amp#27;[90m# com.bugbank.steps.LoginSteps.o_usuario_tenha_preenchido_com_um_email_valido(java.lang.String)&amp#27;[0m
  &amp#27;[32mE &amp#27;[0m&amp#27;[32mpreenchido com uma senha valida &amp#27;[0m&amp#27;[32m&amp#27;[1m'123'&amp#27;[0m                              &amp#27;[90m# com.bugbank.steps.LoginSteps.preenchido_com_uma_senha_valida(java.lang.String)&amp#27;[0m
  &amp#27;[32mQuando &amp#27;[0m&amp#27;[32mo usuario ao clicar no botao de acessar&amp#27;[0m                       &amp#27;[90m# com.bugbank.steps.LoginSteps.o_usuario_ao_clicar_no_botao_de_acessar()&amp#27;[0m
  &amp#27;[32mEntao &amp#27;[0m&amp#27;[32mo usuario devera ser redirecionado para a tela inicial BugBank&amp#27;[0m &amp#27;[90m# com.bugbank.steps.LoginSteps.o_usuario_devera_ser_redirecionado_para_a_tela_inicial_bug_bank()&amp#27;[0m
  &amp#27;[31mE &amp#27;[0m&amp#27;[31mdeve ser apresentado as informacoes relacionadas ao usuario&amp#27;[0m        &amp#27;[90m# com.bugbank.steps.LoginSteps.deve_ser_apresentado_as_informacoes_relacionadas_ao_usuario()&amp#27;[0m
      &amp#27;[31mjava.lang.Error: Unresolved compilation problem: 
	The method nameUser() is undefined for the type LoginPage

	at com.bugbank.steps.LoginSteps.deve_ser_apresentado_as_informacoes_relacionadas_ao_usuario(LoginSteps.java:120)
	at âœ½.deve ser apresentado as informacoes relacionadas ao usuario(classpath:com/bugbank/features/logincucumber.feature:56)
&amp#27;[0m
]]></system-out>
    <system-err><![CDATA[jun. 20, 2024 3:58:24 PM org.openqa.selenium.devtools.CdpVersionFinder findNearestMatch
WARNING: Unable to find an exact match for CDP version 126, returning the closest version; found: 125; Please update to a Selenium version that supports CDP version 126
]]></system-err>
  </testcase>
  <testcase name="Acessar a página inicial sem estar logado." classname="Validação dos Campos de Login no BugBank" time="1.414">
    <system-out><![CDATA[
@login
CenÃ¡rio: Acessar a pÃ¡gina inicial sem estar logado.                                          &amp#27;[90m# com/bugbank/features/logincucumber.feature:58&amp#27;[0m
  &amp#27;[32mDado &amp#27;[0m&amp#27;[32mque o usuario esta na tela inicial do BugBank&amp#27;[0m                                         &amp#27;[90m# com.bugbank.steps.LoginSteps.que_o_usuario_esta_na_tela_inicial_do_bug_bank()&amp#27;[0m
  &amp#27;[32mE &amp#27;[0m&amp#27;[32mo usuario nao esta logado no BugBank&amp#27;[0m                                                     &amp#27;[90m# com.bugbank.steps.LoginSteps.o_usuario_nao_esta_logado_no_bug_bank()&amp#27;[0m
  &amp#27;[32mQuando &amp#27;[0m&amp#27;[32mo usuario tentar acessar a pagina atraves da url &amp#27;[0m&amp#27;[32m&amp#27;[1m'https://bugbank.netlify.app/home'&amp#27;[0m &amp#27;[90m# com.bugbank.steps.LoginSteps.o_usuario_tentar_acessar_a_pagina_atraves_da_url(java.lang.String)&amp#27;[0m
  &amp#27;[32mEntao &amp#27;[0m&amp#27;[32mo usuario deve permanecer na tela inicial pois nao esta logada&amp#27;[0m                       &amp#27;[90m# com.bugbank.steps.LoginSteps.o_usuario_deve_permanecer_na_tela_inicial_pois_nao_esta_logada()&amp#27;[0m
]]></system-out>
    <system-err><![CDATA[jun. 20, 2024 3:58:26 PM org.openqa.selenium.devtools.CdpVersionFinder findNearestMatch
WARNING: Unable to find an exact match for CDP version 126, returning the closest version; found: 125; Please update to a Selenium version that supports CDP version 126
]]></system-err>
  </testcase>
</testsuite>