<?xml version="1.0" encoding="UTF-8"?>
<testsuite xmlns:xsi="http://www.w3.org/2001/XMLSchema-instance" xsi:noNamespaceSchemaLocation="https://maven.apache.org/surefire/maven-surefire-plugin/xsd/surefire-test-report-3.0.xsd" version="3.0" name="com.bugbank.runners.TestsRegistroCucumber" time="31.447" tests="12" errors="0" skipped="0" failures="0">
  <properties>
[...]
</properties>
  <testcase name="Usuário clica no botão de registro" classname="Exibição do formulário de registro" time="1.367">
    <system-out><![CDATA[
@registro
CenÃ¡rio: UsuÃ¡rio clica no botÃ£o de registro                                 &amp#27;[90m# com/bugbank/features/registrocucumber.feature:5&amp#27;[0m
  &amp#27;[32mDado &amp#27;[0m&amp#27;[32mque o usuario esta na tela inicial do bugbank&amp#27;[0m                        &amp#27;[90m# com.bugbank.steps.RegistroSteps.que_o_usuario_esta_na_tela_inicial_do_bugbank()&amp#27;[0m
  &amp#27;[32mQuando &amp#27;[0m&amp#27;[32mo usuario clicar no botao de registrar&amp#27;[0m                             &amp#27;[90m# com.bugbank.steps.RegistroSteps.o_usuario_clicar_no_botao_de_registrar()&amp#27;[0m
  &amp#27;[32mEntÃ£o &amp#27;[0m&amp#27;[32mdevera ser exibido o formulario para o registro da conta do usuario&amp#27;[0m &amp#27;[90m# com.bugbank.steps.RegistroSteps.devera_ser_exibido_o_formulario_para_o_registro_da_conta_do_usuario()&amp#27;[0m
]]></system-out>
    <system-err><![CDATA[ago. 30, 2024 10:05:39 AM org.openqa.selenium.devtools.CdpVersionFinder findNearestMatch
WARNING: Unable to find an exact match for CDP version 128, returning the closest version; found: 127; Please update to a Selenium version that supports CDP version 128
]]></system-err>
  </testcase>
  <testcase name="Exibir saldo inicial ao acessar a conta #1" classname="Exibição do formulário de registro" time="3.711">
    <system-out><![CDATA[
@registro
CenÃ¡rio: Exibir saldo inicial ao acessar a conta                                         &amp#27;[90m# com/bugbank/features/registrocucumber.feature:10&amp#27;[0m
  &amp#27;[32mDado &amp#27;[0m&amp#27;[32mque o usuario esta na tela inicial do bugbank&amp#27;[0m                                     &amp#27;[90m# com.bugbank.steps.RegistroSteps.que_o_usuario_esta_na_tela_inicial_do_bugbank()&amp#27;[0m
  &amp#27;[32mE &amp#27;[0m&amp#27;[32mo usuario cria uma conta com o opcao de saldo ativada&amp#27;[0m                                &amp#27;[90m# com.bugbank.steps.RegistroSteps.o_usuario_cria_uma_conta_com_o_opcao_de_saldo_ativada()&amp#27;[0m
  &amp#27;[32mQuando &amp#27;[0m&amp#27;[32mo usuario preencher os campos de email e senha da conta recem criada&amp#27;[0m            &amp#27;[90m# com.bugbank.steps.RegistroSteps.o_usuario_preencher_os_campos_de_email_e_senha_da_conta_recem_criada()&amp#27;[0m
Saldo em conta R$ 1.000,00
  &amp#27;[32mEntÃ£o &amp#27;[0m&amp#27;[32mdevera ser exibida na tela inicial do bugbank com um saldo inicial de &amp#27;[0m&amp#27;[32m&amp#27;[1m'1.000,00'&amp#27;[0m &amp#27;[90m# com.bugbank.steps.RegistroSteps.devera_ser_exibida_na_tela_inicial_do_bugbank_com_um_saldo_inicial_de(java.lang.String)&amp#27;[0m
]]></system-out>
    <system-err><![CDATA[ago. 30, 2024 10:05:40 AM org.openqa.selenium.devtools.CdpVersionFinder findNearestMatch
WARNING: Unable to find an exact match for CDP version 128, returning the closest version; found: 127; Please update to a Selenium version that supports CDP version 128
]]></system-err>
  </testcase>
  <testcase name="Exibir saldo inicial ao acessar a conta #2" classname="Exibição do formulário de registro" time="2.434">
    <system-out><![CDATA[
@registro
CenÃ¡rio: Exibir saldo inicial ao acessar a conta                                         &amp#27;[90m# com/bugbank/features/registrocucumber.feature:16&amp#27;[0m
  &amp#27;[32mDado &amp#27;[0m&amp#27;[32mque o usuario esta na tela inicial do bugbank&amp#27;[0m                                     &amp#27;[90m# com.bugbank.steps.RegistroSteps.que_o_usuario_esta_na_tela_inicial_do_bugbank()&amp#27;[0m
  &amp#27;[32mE &amp#27;[0m&amp#27;[32mo usuario cria uma conta com a opcao de saldo desativado&amp#27;[0m                             &amp#27;[90m# com.bugbank.steps.RegistroSteps.o_usuario_cria_uma_conta_com_a_opcao_de_saldo_desativado()&amp#27;[0m
  &amp#27;[32mQuando &amp#27;[0m&amp#27;[32mo usuario preencher os campos de email e senha da conta recem criada&amp#27;[0m            &amp#27;[90m# com.bugbank.steps.RegistroSteps.o_usuario_preencher_os_campos_de_email_e_senha_da_conta_recem_criada()&amp#27;[0m
Saldo em conta R$ 0,00
  &amp#27;[32mEntao &amp#27;[0m&amp#27;[32mdevera ser exibida na tela inicial do bugbank com um saldo inicial zerado &amp#27;[0m&amp#27;[32m&amp#27;[1m'0,00'&amp#27;[0m &amp#27;[90m# com.bugbank.steps.RegistroSteps.devera_ser_exibida_na_tela_inicial_do_bugbank_com_um_saldo_inicial_zerado(java.lang.String)&amp#27;[0m
]]></system-out>
    <system-err><![CDATA[ago. 30, 2024 10:05:44 AM org.openqa.selenium.devtools.CdpVersionFinder findNearestMatch
WARNING: Unable to find an exact match for CDP version 128, returning the closest version; found: 127; Please update to a Selenium version that supports CDP version 128
]]></system-err>
  </testcase>
  <testcase name="Exibir mensagem de campo é obrigatório" classname="Exibição do formulário de registro" time="1.705">
    <system-out><![CDATA[
@registro
CenÃ¡rio: Exibir mensagem de campo Ã© obrigatÃ³rio                       &amp#27;[90m# com/bugbank/features/registrocucumber.feature:22&amp#27;[0m
  &amp#27;[32mDado &amp#27;[0m&amp#27;[32mque o usuario esta na tela inicial do bugbank&amp#27;[0m                  &amp#27;[90m# com.bugbank.steps.RegistroSteps.que_o_usuario_esta_na_tela_inicial_do_bugbank()&amp#27;[0m
  &amp#27;[32mE &amp#27;[0m&amp#27;[32mo usuario clica em registrar&amp#27;[0m                                      &amp#27;[90m# com.bugbank.steps.RegistroSteps.o_usuario_clica_em_registrar()&amp#27;[0m
  &amp#27;[32mE &amp#27;[0m&amp#27;[32mque o usuario nao tenha preenchido nenhum campo&amp#27;[0m                   &amp#27;[90m# com.bugbank.steps.RegistroSteps.que_o_usuario_nao_tenha_preenchido_nenhum_campo()&amp#27;[0m
  &amp#27;[32mQuando &amp#27;[0m&amp#27;[32mo usuario clicar em cadastrar&amp#27;[0m                                &amp#27;[90m# com.bugbank.steps.RegistroSteps.o_usuario_clicar_em_cadastrar()&amp#27;[0m
  &amp#27;[32mEntÃ£o &amp#27;[0m&amp#27;[32mdevera ser retornado em tela uma mensagem campo e obrigatorio&amp#27;[0m &amp#27;[90m# com.bugbank.steps.RegistroSteps.devera_ser_retornado_em_tela_uma_mensagem_campo_e_obrigatorio()&amp#27;[0m
]]></system-out>
    <system-err><![CDATA[ago. 30, 2024 10:05:47 AM org.openqa.selenium.devtools.CdpVersionFinder findNearestMatch
WARNING: Unable to find an exact match for CDP version 128, returning the closest version; found: 127; Please update to a Selenium version that supports CDP version 128
]]></system-err>
  </testcase>
  <testcase name="Exibir mensagem de erro ao preencher com e-mail inválido #1" classname="Exibição do formulário de registro" time="1.562">
    <system-out><![CDATA[
@registro
Esquema do CenÃ¡rio: Exibir mensagem de erro ao preencher com e-mail invÃ¡lido            &amp#27;[90m# com/bugbank/features/registrocucumber.feature:36&amp#27;[0m
  &amp#27;[32mDado &amp#27;[0m&amp#27;[32mque o usuario esta na tela inicial do bugbank&amp#27;[0m                                    &amp#27;[90m# com.bugbank.steps.RegistroSteps.que_o_usuario_esta_na_tela_inicial_do_bugbank()&amp#27;[0m
  &amp#27;[32mE &amp#27;[0m&amp#27;[32mo usuario clica em registrar&amp#27;[0m                                                        &amp#27;[90m# com.bugbank.steps.RegistroSteps.o_usuario_clica_em_registrar()&amp#27;[0m
  &amp#27;[32mQuando &amp#27;[0m&amp#27;[32mo usuario tiver preenchindo o campo de email com um email invalido &amp#27;[0m&amp#27;[32m&amp#27;[1m"email.com"&amp#27;[0m &amp#27;[90m# com.bugbank.steps.RegistroSteps.o_usuario_tiver_preenchindo_o_campo_de_email_com_um_email_invalido(java.lang.String)&amp#27;[0m
  &amp#27;[32mEntÃ£o &amp#27;[0m&amp#27;[32mdevera ser exibida uma mensagem de erro&amp#27;[0m                                         &amp#27;[90m# com.bugbank.steps.RegistroSteps.devera_ser_exibida_uma_mensagem_de_erro()&amp#27;[0m
]]></system-out>
    <system-err><![CDATA[ago. 30, 2024 10:05:48 AM org.openqa.selenium.devtools.CdpVersionFinder findNearestMatch
WARNING: Unable to find an exact match for CDP version 128, returning the closest version; found: 127; Please update to a Selenium version that supports CDP version 128
]]></system-err>
  </testcase>
  <testcase name="Exibir mensagem de erro ao preencher com e-mail inválido #2" classname="Exibição do formulário de registro" time="1.657">
    <system-out><![CDATA[
@registro
Esquema do CenÃ¡rio: Exibir mensagem de erro ao preencher com e-mail invÃ¡lido              &amp#27;[90m# com/bugbank/features/registrocucumber.feature:37&amp#27;[0m
  &amp#27;[32mDado &amp#27;[0m&amp#27;[32mque o usuario esta na tela inicial do bugbank&amp#27;[0m                                      &amp#27;[90m# com.bugbank.steps.RegistroSteps.que_o_usuario_esta_na_tela_inicial_do_bugbank()&amp#27;[0m
  &amp#27;[32mE &amp#27;[0m&amp#27;[32mo usuario clica em registrar&amp#27;[0m                                                          &amp#27;[90m# com.bugbank.steps.RegistroSteps.o_usuario_clica_em_registrar()&amp#27;[0m
  &amp#27;[32mQuando &amp#27;[0m&amp#27;[32mo usuario tiver preenchindo o campo de email com um email invalido &amp#27;[0m&amp#27;[32m&amp#27;[1m"email@email"&amp#27;[0m &amp#27;[90m# com.bugbank.steps.RegistroSteps.o_usuario_tiver_preenchindo_o_campo_de_email_com_um_email_invalido(java.lang.String)&amp#27;[0m
  &amp#27;[32mEntÃ£o &amp#27;[0m&amp#27;[32mdevera ser exibida uma mensagem de erro&amp#27;[0m                                           &amp#27;[90m# com.bugbank.steps.RegistroSteps.devera_ser_exibida_uma_mensagem_de_erro()&amp#27;[0m
]]></system-out>
    <system-err><![CDATA[ago. 30, 2024 10:05:50 AM org.openqa.selenium.devtools.CdpVersionFinder findNearestMatch
WARNING: Unable to find an exact match for CDP version 128, returning the closest version; found: 127; Please update to a Selenium version that supports CDP version 128
]]></system-err>
  </testcase>
  <testcase name="Exibir mensagem de erro ao preencher com e-mail inválido #3" classname="Exibição do formulário de registro" time="1.562">
    <system-out><![CDATA[
@registro
Esquema do CenÃ¡rio: Exibir mensagem de erro ao preencher com e-mail invÃ¡lido             &amp#27;[90m# com/bugbank/features/registrocucumber.feature:38&amp#27;[0m
  &amp#27;[32mDado &amp#27;[0m&amp#27;[32mque o usuario esta na tela inicial do bugbank&amp#27;[0m                                     &amp#27;[90m# com.bugbank.steps.RegistroSteps.que_o_usuario_esta_na_tela_inicial_do_bugbank()&amp#27;[0m
  &amp#27;[32mE &amp#27;[0m&amp#27;[32mo usuario clica em registrar&amp#27;[0m                                                         &amp#27;[90m# com.bugbank.steps.RegistroSteps.o_usuario_clica_em_registrar()&amp#27;[0m
  &amp#27;[32mQuando &amp#27;[0m&amp#27;[32mo usuario tiver preenchindo o campo de email com um email invalido &amp#27;[0m&amp#27;[32m&amp#27;[1m"@email.com"&amp#27;[0m &amp#27;[90m# com.bugbank.steps.RegistroSteps.o_usuario_tiver_preenchindo_o_campo_de_email_com_um_email_invalido(java.lang.String)&amp#27;[0m
  &amp#27;[32mEntÃ£o &amp#27;[0m&amp#27;[32mdevera ser exibida uma mensagem de erro&amp#27;[0m                                          &amp#27;[90m# com.bugbank.steps.RegistroSteps.devera_ser_exibida_uma_mensagem_de_erro()&amp#27;[0m
]]></system-out>
    <system-err><![CDATA[ago. 30, 2024 10:05:52 AM org.openqa.selenium.devtools.CdpVersionFinder findNearestMatch
WARNING: Unable to find an exact match for CDP version 128, returning the closest version; found: 127; Please update to a Selenium version that supports CDP version 128
]]></system-err>
  </testcase>
  <testcase name="Não exibir mensagem de erro ao preencher o campo de e-mail com um e-mail válido" classname="Exibição do formulário de registro" time="6.676">
    <system-out><![CDATA[
@registro
CenÃ¡rio: NÃ£o exibir mensagem de erro ao preencher o campo de e-mail com um e-mail vÃ¡lido &amp#27;[90m# com/bugbank/features/registrocucumber.feature:40&amp#27;[0m
  &amp#27;[32mDado &amp#27;[0m&amp#27;[32mque o usuario esta na tela inicial do bugbank&amp#27;[0m                                     &amp#27;[90m# com.bugbank.steps.RegistroSteps.que_o_usuario_esta_na_tela_inicial_do_bugbank()&amp#27;[0m
  &amp#27;[32mE &amp#27;[0m&amp#27;[32mo usuario clica em registrar&amp#27;[0m                                                         &amp#27;[90m# com.bugbank.steps.RegistroSteps.o_usuario_clica_em_registrar()&amp#27;[0m
  &amp#27;[32mQuando &amp#27;[0m&amp#27;[32mo usuario preencher o campo de email com um email valido &amp#27;[0m&amp#27;[32m&amp#27;[1m'teste@email.com'&amp#27;[0m      &amp#27;[90m# com.bugbank.steps.RegistroSteps.o_usuario_preencher_o_campo_de_email_com_um_email_valido(java.lang.String)&amp#27;[0m
  &amp#27;[32mEntÃ£o &amp#27;[0m&amp#27;[32mnao deve ser retornado para o usuario nenhuma mensagem de erro&amp#27;[0m                   &amp#27;[90m# com.bugbank.steps.RegistroSteps.nao_deve_ser_retornado_para_o_usuario_nenhuma_mensagem_de_erro()&amp#27;[0m
]]></system-out>
    <system-err><![CDATA[ago. 30, 2024 10:05:53 AM org.openqa.selenium.devtools.CdpVersionFinder findNearestMatch
WARNING: Unable to find an exact match for CDP version 128, returning the closest version; found: 127; Please update to a Selenium version that supports CDP version 128
]]></system-err>
  </testcase>
  <testcase name="Exibir uma mensagem de erro caso o campo nome esteja em branco" classname="Exibição do formulário de registro" time="2.209">
    <system-out><![CDATA[
@registro
CenÃ¡rio: Exibir uma mensagem de erro caso o campo nome esteja em branco &amp#27;[90m# com/bugbank/features/registrocucumber.feature:46&amp#27;[0m
  &amp#27;[32mDado &amp#27;[0m&amp#27;[32mque o usuario esta na tela inicial do bugbank&amp#27;[0m                    &amp#27;[90m# com.bugbank.steps.RegistroSteps.que_o_usuario_esta_na_tela_inicial_do_bugbank()&amp#27;[0m
  &amp#27;[32mE &amp#27;[0m&amp#27;[32mo usuario clica em registrar&amp#27;[0m                                        &amp#27;[90m# com.bugbank.steps.RegistroSteps.o_usuario_clica_em_registrar()&amp#27;[0m
  &amp#27;[32mE &amp#27;[0m&amp#27;[32mo usuario digitou um email valido &amp#27;[0m&amp#27;[32m&amp#27;[1m'teste@email.com'&amp#27;[0m                 &amp#27;[90m# com.bugbank.steps.RegistroSteps.o_usuario_digitou_um_email_valido(java.lang.String)&amp#27;[0m
  &amp#27;[32mQuando &amp#27;[0m&amp#27;[32mo usuario clicar em cadastrar&amp#27;[0m                                  &amp#27;[90m# com.bugbank.steps.RegistroSteps.o_usuario_clicar_em_cadastrar()&amp#27;[0m
  &amp#27;[32mEntÃ£o &amp#27;[0m&amp#27;[32mdevera ser exibido uma mensagem de campo nome obrigatorio&amp#27;[0m       &amp#27;[90m# com.bugbank.steps.RegistroSteps.devera_ser_exibido_uma_mensagem_de_campo_nome_obrigatorio()&amp#27;[0m
]]></system-out>
    <system-err><![CDATA[ago. 30, 2024 10:06:00 AM org.openqa.selenium.devtools.CdpVersionFinder findNearestMatch
WARNING: Unable to find an exact match for CDP version 128, returning the closest version; found: 127; Please update to a Selenium version that supports CDP version 128
]]></system-err>
  </testcase>
  <testcase name="Exibir uma mensagem de erro caso o campo de senha esteja em branco" classname="Exibição do formulário de registro" time="1.725">
    <system-out><![CDATA[
@registro
CenÃ¡rio: Exibir uma mensagem de erro caso o campo de senha esteja em branco &amp#27;[90m# com/bugbank/features/registrocucumber.feature:53&amp#27;[0m
  &amp#27;[32mDado &amp#27;[0m&amp#27;[32mque o usuario esta na tela inicial do bugbank&amp#27;[0m                        &amp#27;[90m# com.bugbank.steps.RegistroSteps.que_o_usuario_esta_na_tela_inicial_do_bugbank()&amp#27;[0m
  &amp#27;[32mE &amp#27;[0m&amp#27;[32mo usuario clica em registrar&amp#27;[0m                                            &amp#27;[90m# com.bugbank.steps.RegistroSteps.o_usuario_clica_em_registrar()&amp#27;[0m
  &amp#27;[32mE &amp#27;[0m&amp#27;[32mo usuario preencheu com um email valido &amp#27;[0m&amp#27;[32m&amp#27;[1m'teste@email.com'&amp#27;[0m&amp#27;[32m e nome&amp#27;[0m        &amp#27;[90m# com.bugbank.steps.RegistroSteps.o_usuario_preencheu_com_um_email_valido__e_nome(java.lang.String)&amp#27;[0m
  &amp#27;[32mQuando &amp#27;[0m&amp#27;[32mo usuario clicar em cadastrar&amp#27;[0m                                      &amp#27;[90m# com.bugbank.steps.RegistroSteps.o_usuario_clicar_em_cadastrar()&amp#27;[0m
  &amp#27;[32mEntÃ£o &amp#27;[0m&amp#27;[32mdevera ser exibido uma mensagem de campo obrigatorio&amp#27;[0m                &amp#27;[90m# com.bugbank.steps.RegistroSteps.devera_ser_exibido_uma_mensagem_de_campo_obrigatorio()&amp#27;[0m
]]></system-out>
    <system-err><![CDATA[ago. 30, 2024 10:06:02 AM org.openqa.selenium.devtools.CdpVersionFinder findNearestMatch
WARNING: Unable to find an exact match for CDP version 128, returning the closest version; found: 127; Please update to a Selenium version that supports CDP version 128
]]></system-err>
  </testcase>
  <testcase name="Exibir uma mensagem de erro caso o campo de confirmação de senha esteja diferente do campo de senha" classname="Exibição do formulário de registro" time="2.229">
    <system-out><![CDATA[
@registro
CenÃ¡rio: Exibir uma mensagem de erro caso o campo de confirmaÃ§Ã£o de senha esteja diferente do campo de senha &amp#27;[90m# com/bugbank/features/registrocucumber.feature:60&amp#27;[0m
  &amp#27;[32mDado &amp#27;[0m&amp#27;[32mque o usuario esta na tela inicial do bugbank&amp#27;[0m                                                         &amp#27;[90m# com.bugbank.steps.RegistroSteps.que_o_usuario_esta_na_tela_inicial_do_bugbank()&amp#27;[0m
  &amp#27;[32mE &amp#27;[0m&amp#27;[32mo usuario clica em registrar&amp#27;[0m                                                                             &amp#27;[90m# com.bugbank.steps.RegistroSteps.o_usuario_clica_em_registrar()&amp#27;[0m
  &amp#27;[32mE &amp#27;[0m&amp#27;[32mo usuario preencheu um email valido &amp#27;[0m&amp#27;[32m&amp#27;[1m'teste@email.com'&amp#27;[0m&amp#27;[32m, nome e senha&amp#27;[0m                                      &amp#27;[90m# com.bugbank.steps.RegistroSteps.o_usuario_preencheu_um_email_valido_nome_e_senha(java.lang.String)&amp#27;[0m
  &amp#27;[32mE &amp#27;[0m&amp#27;[32mo usuario digitou uma senha diferente no campo de confirmacao de senha&amp#27;[0m                                   &amp#27;[90m# com.bugbank.steps.RegistroSteps.o_usuario_digitou_uma_senha_diferente_no_campo_de_confirmacao_de_senha()&amp#27;[0m
  &amp#27;[32mQuando &amp#27;[0m&amp#27;[32mo usuario clicar em cadastrar&amp#27;[0m                                                                       &amp#27;[90m# com.bugbank.steps.RegistroSteps.o_usuario_clicar_em_cadastrar()&amp#27;[0m
  &amp#27;[32mEntÃ£o &amp#27;[0m&amp#27;[32mdevera ser exibida uma mensagem de erro indicando que as senhas nao coincidem&amp#27;[0m                        &amp#27;[90m# com.bugbank.steps.RegistroSteps.devera_ser_exibida_uma_mensagem_de_erro_indicando_que_as_senhas_nao_coincidem()&amp#27;[0m
]]></system-out>
    <system-err><![CDATA[ago. 30, 2024 10:06:04 AM org.openqa.selenium.devtools.CdpVersionFinder findNearestMatch
WARNING: Unable to find an exact match for CDP version 128, returning the closest version; found: 127; Please update to a Selenium version that supports CDP version 128
]]></system-err>
  </testcase>
  <testcase name="Funcionalidade do botão criar conta com saldo" classname="Exibição do formulário de registro" time="2.379">
    <system-out><![CDATA[
@registro
CenÃ¡rio: Funcionalidade do botÃ£o criar conta com saldo      &amp#27;[90m# com/bugbank/features/registrocucumber.feature:68&amp#27;[0m
  &amp#27;[32mDado &amp#27;[0m&amp#27;[32mque o usuario esta na tela inicial do bugbank&amp#27;[0m        &amp#27;[90m# com.bugbank.steps.RegistroSteps.que_o_usuario_esta_na_tela_inicial_do_bugbank()&amp#27;[0m
  &amp#27;[32mE &amp#27;[0m&amp#27;[32mo usuario clica em registrar&amp#27;[0m                            &amp#27;[90m# com.bugbank.steps.RegistroSteps.o_usuario_clica_em_registrar()&amp#27;[0m
  &amp#27;[32mQuando &amp#27;[0m&amp#27;[32mo usuario clicar no botao criar conta com saldo&amp#27;[0m    &amp#27;[90m# com.bugbank.steps.RegistroSteps.o_usuario_clicar_no_botao_criar_conta_com_saldo()&amp#27;[0m
  &amp#27;[32mEntÃ£o &amp#27;[0m&amp#27;[32mo botao criar conta com saldo devera ser habilitado&amp#27;[0m &amp#27;[90m# com.bugbank.steps.RegistroSteps.o_botao_criar_conta_com_saldo_devera_ser_habilitado()&amp#27;[0m
]]></system-out>
    <system-err><![CDATA[ago. 30, 2024 10:06:06 AM org.openqa.selenium.devtools.CdpVersionFinder findNearestMatch
WARNING: Unable to find an exact match for CDP version 128, returning the closest version; found: 127; Please update to a Selenium version that supports CDP version 128
]]></system-err>
  </testcase>
</testsuite>