<?xml version="1.0" encoding="UTF-8"?>
<testsuite xmlns:xsi="http://www.w3.org/2001/XMLSchema-instance" xsi:noNamespaceSchemaLocation="https://maven.apache.org/surefire/maven-surefire-plugin/xsd/surefire-test-report-3.0.xsd" version="3.0" name="com.bugbank.runners.TestsExtratoCucumber" time="8.96" tests="3" errors="0" skipped="0" failures="0">
  <properties>
[...]
</properties>
  <testcase name="Redirecionamento ao clicar no botão &quot;Extrato&quot;" classname="Validar funcionalidade extrato" time="2.164">
    <system-out><![CDATA[
@extrato
CenÃ¡rio: Redirecionamento ao clicar no botÃ£o "Extrato"            &amp#27;[90m# com/bugbank/features/extratocucumber.feature:11&amp#27;[0m
  &amp#27;[32mDado &amp#27;[0m&amp#27;[32mque usuario esta na tela inicial do Bugbank&amp#27;[0m                &amp#27;[90m# com.bugbank.steps.ExtratoSteps.que_usuario_esta_na_tela_inicial_do_Bugbank()&amp#27;[0m
Valor armazenado no localStorage: {"name":"Paula","email":"chaiene@email.com","password":"123","accountNumber":"850-4","balance":1000,"logged":false}
Valor armazenado no localStorage: {"name":"Paula","email":"terezinha@email.com","password":"123","accountNumber":"101-2","balance":1000,"logged":false}
  &amp#27;[32mE &amp#27;[0m&amp#27;[32mo usuario tenha preenchido os campos de email e senha validos&amp#27;[0m &amp#27;[90m# com.bugbank.steps.ExtratoSteps.o_usuario_tenha_preenchido_os_campos_de_email_e_senha_validos()&amp#27;[0m
  &amp#27;[32mE &amp#27;[0m&amp#27;[32mesteja na tela inicial&amp#27;[0m                                        &amp#27;[90m# com.bugbank.steps.ExtratoSteps.esteja_na_tela_inicial()&amp#27;[0m
  &amp#27;[32mQuando &amp#27;[0m&amp#27;[32mo usuario clicar no botao de Extrato&amp#27;[0m                     &amp#27;[90m# com.bugbank.steps.ExtratoSteps.o_usuario_clicar_no_botao_de_extrato()&amp#27;[0m
  &amp#27;[32mEntao &amp#27;[0m&amp#27;[32mdevera ser redirecionado para a tela de extrato&amp#27;[0m           &amp#27;[90m# com.bugbank.steps.ExtratoSteps.devera_ser_redirecionado_para_a_tela_de_extrato()&amp#27;[0m
]]></system-out>
    <system-err><![CDATA[ago. 30, 2024 10:05:14 AM org.openqa.selenium.devtools.CdpVersionFinder findNearestMatch
WARNING: Unable to find an exact match for CDP version 128, returning the closest version; found: 127; Please update to a Selenium version that supports CDP version 128
]]></system-err>
  </testcase>
  <testcase name="Exibição de transferências na tela de extrato após uma transferência realizada" classname="Validar funcionalidade extrato" time="2.457">
    <system-out><![CDATA[
@extrato
CenÃ¡rio: ExibiÃ§Ã£o de transferÃªncias na tela de extrato apÃ³s uma transferÃªncia realizada &amp#27;[90m# com/bugbank/features/extratocucumber.feature:15&amp#27;[0m
  &amp#27;[32mDado &amp#27;[0m&amp#27;[32mque usuario esta na tela inicial do Bugbank&amp#27;[0m                                      &amp#27;[90m# com.bugbank.steps.ExtratoSteps.que_usuario_esta_na_tela_inicial_do_Bugbank()&amp#27;[0m
Valor armazenado no localStorage: {"name":"Paula","email":"chaiene@email.com","password":"123","accountNumber":"850-4","balance":1000,"logged":false}
Valor armazenado no localStorage: {"name":"Paula","email":"terezinha@email.com","password":"123","accountNumber":"101-2","balance":1000,"logged":false}
  &amp#27;[32mE &amp#27;[0m&amp#27;[32mo usuario tenha preenchido os campos de email e senha validos&amp#27;[0m                       &amp#27;[90m# com.bugbank.steps.ExtratoSteps.o_usuario_tenha_preenchido_os_campos_de_email_e_senha_validos()&amp#27;[0m
  &amp#27;[32mE &amp#27;[0m&amp#27;[32mesteja na tela inicial&amp#27;[0m                                                              &amp#27;[90m# com.bugbank.steps.ExtratoSteps.esteja_na_tela_inicial()&amp#27;[0m
  &amp#27;[32mE &amp#27;[0m&amp#27;[32mo usuario ja tenha realizado uma transferencia para outra conta&amp#27;[0m                     &amp#27;[90m# com.bugbank.steps.ExtratoSteps.o_usuario_ja_tenha_realizado_uma_transferencia_para_outra_conta()&amp#27;[0m
  &amp#27;[32mQuando &amp#27;[0m&amp#27;[32mo usuario clicar no botao de Extrato&amp#27;[0m                                           &amp#27;[90m# com.bugbank.steps.ExtratoSteps.o_usuario_clicar_no_botao_de_extrato()&amp#27;[0m
  &amp#27;[32mEntao &amp#27;[0m&amp#27;[32mdeverao ser exibidas na tela todas as transferencias realizadas pelo usuario&amp#27;[0m    &amp#27;[90m# com.bugbank.steps.ExtratoSteps.deverao_ser_exibidas_na_tela_todas_as_transferencias_realizadas_pelo_usuario()&amp#27;[0m
]]></system-out>
    <system-err><![CDATA[ago. 30, 2024 10:05:15 AM org.openqa.selenium.devtools.CdpVersionFinder findNearestMatch
WARNING: Unable to find an exact match for CDP version 128, returning the closest version; found: 127; Please update to a Selenium version that supports CDP version 128
]]></system-err>
  </testcase>
  <testcase name="Exibição de transferências na tela de extrato após recebimento de uma transferência" classname="Validar funcionalidade extrato" time="1.652">
    <system-out><![CDATA[
@extrato
CenÃ¡rio: ExibiÃ§Ã£o de transferÃªncias na tela de extrato apÃ³s recebimento de uma transferÃªncia &amp#27;[90m# com/bugbank/features/extratocucumber.feature:20&amp#27;[0m
  &amp#27;[32mDado &amp#27;[0m&amp#27;[32mque usuario esta na tela inicial do Bugbank&amp#27;[0m                                           &amp#27;[90m# com.bugbank.steps.ExtratoSteps.que_usuario_esta_na_tela_inicial_do_Bugbank()&amp#27;[0m
Valor armazenado no localStorage: {"name":"Paula","email":"chaiene@email.com","password":"123","accountNumber":"850-4","balance":1000,"logged":false}
Valor armazenado no localStorage: {"name":"Paula","email":"terezinha@email.com","password":"123","accountNumber":"101-2","balance":1000,"logged":false}
  &amp#27;[32mE &amp#27;[0m&amp#27;[32mo usuario tenha preenchido os campos de email e senha validos&amp#27;[0m                            &amp#27;[90m# com.bugbank.steps.ExtratoSteps.o_usuario_tenha_preenchido_os_campos_de_email_e_senha_validos()&amp#27;[0m
  &amp#27;[32mE &amp#27;[0m&amp#27;[32mesteja na tela inicial&amp#27;[0m                                                                   &amp#27;[90m# com.bugbank.steps.ExtratoSteps.esteja_na_tela_inicial()&amp#27;[0m
  &amp#27;[32mE &amp#27;[0m&amp#27;[32mo usuario ja tenha recebido uma transferencia&amp#27;[0m                                            &amp#27;[90m# com.bugbank.steps.ExtratoSteps.o_usuario_ja_tenha_recebido_uma_transferencia()&amp#27;[0m
  &amp#27;[32mQuando &amp#27;[0m&amp#27;[32mo usuario clicar no botao de Extrato&amp#27;[0m                                                &amp#27;[90m# com.bugbank.steps.ExtratoSteps.o_usuario_clicar_no_botao_de_extrato()&amp#27;[0m
  &amp#27;[32mEntao &amp#27;[0m&amp#27;[32mdeverÃ£o ser exibidas na tela todas as transferencias recebidas pelo usuario&amp#27;[0m          &amp#27;[90m# com.bugbank.steps.ExtratoSteps.deverÃ£o_ser_exibidas_na_tela_todas_as_transferencias_recebidas_pelo_usuario()&amp#27;[0m
]]></system-out>
    <system-err><![CDATA[ago. 30, 2024 10:05:18 AM org.openqa.selenium.devtools.CdpVersionFinder findNearestMatch
WARNING: Unable to find an exact match for CDP version 128, returning the closest version; found: 127; Please update to a Selenium version that supports CDP version 128
]]></system-err>
  </testcase>
</testsuite>